;;; 
Import: Release 12.1.0.2.0 - Production on Tue Feb 21 16:14:43 2017

Copyright (c) 1982, 2014, Oracle and/or its affiliates.  All rights reserved.
;;; 
Connected to: Oracle Database 12c Enterprise Edition Release 12.1.0.2.0 - 64bit Production
With the Partitioning, OLAP, Advanced Analytics and Real Application Testing options
Startup took 1 seconds
Master table "SYS"."SYS_IMPORT_SCHEMA_01" successfully loaded/unloaded
Starting "SYS"."SYS_IMPORT_SCHEMA_01":  "sys/******** AS SYSDBA" DIRECTORY=DATA_PUMP DUMPFILE=ibs_16_6.dmp LOGFILE=imp.log PARFILE=imp.dp.par 
Processing object type SCHEMA_EXPORT/DEFAULT_ROLE
     Completed 1 DEFAULT_ROLE objects in 1 seconds
Processing object type SCHEMA_EXPORT/PRE_SCHEMA/PROCACT_SCHEMA
     Completed 1 PROCACT_SCHEMA objects in 0 seconds
Processing object type SCHEMA_EXPORT/LIBRARY/LIBRARY
ORA-39083: Object type LIBRARY:"IBS"."LIBFIO" failed to create with error:
ORA-00955: name is already used by an existing object
Failing sql is:
 CREATE EDITIONABLE LIBRARY "IBS"."LIBFIO" UNTRUSTED AS '/u/tools/fio/libfio.so'
ORA-39083: Object type LIBRARY:"IBS"."LIBHASH" failed to create with error:
ORA-00955: name is already used by an existing object
Failing sql is:
 CREATE EDITIONABLE LIBRARY "IBS"."LIBHASH" UNTRUSTED AS '/u/tools/hash/libhash.so'
ORA-39083: Object type LIBRARY:"IBS"."LIBXML" failed to create with error:
ORA-00955: name is already used by an existing object
Failing sql is:
 CREATE EDITIONABLE LIBRARY "IBS"."LIBXML" UNTRUSTED AS '/u/tools/xml/libxml.so'
ORA-39083: Object type LIBRARY:"IBS"."LIBRUNPROC" failed to create with error:
ORA-00955: name is already used by an existing object
Failing sql is:
 CREATE EDITIONABLE LIBRARY "IBS"."LIBRUNPROC" UNTRUSTED AS '/u/tools/runproc/librunproc.so'
     Completed 6 LIBRARY objects in 0 seconds
Processing object type SCHEMA_EXPORT/SYNONYM/SYNONYM
     Completed 139 SYNONYM objects in 8 seconds
Processing object type SCHEMA_EXPORT/TYPE/TYPE_SPEC
     Completed 102 TYPE objects in 15 seconds
Processing object type SCHEMA_EXPORT/SEQUENCE/SEQUENCE
     Completed 287 SEQUENCE objects in 0 seconds
Processing object type SCHEMA_EXPORT/TABLE/TABLE
